<?xml version="1.0" encoding="UTF-8"?>
<!-- Generated by org.testng.reporters.JUnitReportReporter -->
<testsuite hostname="DESKTOP-9G792OO" failures="0" tests="1" name="com.TestCases.RegisterPageTest" time="8.001" errors="0" timestamp="21 Mar 2019 13:40:09 GMT" skipped="0">
  <testcase classname="com.TestCases.RegisterPageTest" name="CreateNewOrder" time="8.001"/>
</testsuite> <!-- com.TestCases.RegisterPageTest -->
